d:\vs2017data\restart study of  c++ 18~25\简单链表\简单链表\x64\debug\vc143.pdb
d:\vs2017data\restart study of  c++ 18~25\简单链表\简单链表\x64\debug\vc143.idb
d:\vs2017data\restart study of  c++ 18~25\简单链表\简单链表\x64\debug\简单静态链表.obj
d:\vs2017data\restart study of  c++ 18~25\简单链表\简单链表\x64\debug\简单动态链表.obj
d:\vs2017data\restart study of  c++ 18~25\简单链表\x64\debug\简单链表.exe
d:\vs2017data\restart study of  c++ 18~25\简单链表\简单链表\x64\debug\简单链表.ilk
d:\vs2017data\restart study of  c++ 18~25\简单链表\x64\debug\简单链表.pdb
d:\vs2017data\restart study of  c++ 18~25\简单链表\简单链表\x64\debug\简单链表.obj
d:\vs2017data\restart study of  c++ 18~25\简单链表\简单链表\x64\debug\简单链表.tlog\cl.command.1.tlog
d:\vs2017data\restart study of  c++ 18~25\简单链表\简单链表\x64\debug\简单链表.tlog\cl.read.1.tlog
d:\vs2017data\restart study of  c++ 18~25\简单链表\简单链表\x64\debug\简单链表.tlog\cl.write.1.tlog
d:\vs2017data\restart study of  c++ 18~25\简单链表\简单链表\x64\debug\简单链表.tlog\link.8828-cvtres.read.1.tlog
d:\vs2017data\restart study of  c++ 18~25\简单链表\简单链表\x64\debug\简单链表.tlog\link.8828-cvtres.write.1.tlog
d:\vs2017data\restart study of  c++ 18~25\简单链表\简单链表\x64\debug\简单链表.tlog\link.8828-rc.read.1.tlog
d:\vs2017data\restart study of  c++ 18~25\简单链表\简单链表\x64\debug\简单链表.tlog\link.8828-rc.write.1.tlog
d:\vs2017data\restart study of  c++ 18~25\简单链表\简单链表\x64\debug\简单链表.tlog\link.8828.read.1.tlog
d:\vs2017data\restart study of  c++ 18~25\简单链表\简单链表\x64\debug\简单链表.tlog\link.8828.read.2.tlog
d:\vs2017data\restart study of  c++ 18~25\简单链表\简单链表\x64\debug\简单链表.tlog\link.8828.write.1.tlog
d:\vs2017data\restart study of  c++ 18~25\简单链表\简单链表\x64\debug\简单链表.tlog\link.command.1.tlog
d:\vs2017data\restart study of  c++ 18~25\简单链表\简单链表\x64\debug\简单链表.tlog\link.read.1.tlog
d:\vs2017data\restart study of  c++ 18~25\简单链表\简单链表\x64\debug\简单链表.tlog\link.write.1.tlog
